TN:
SF:src/KeyvDataLoader.ts
FN:39,(anonymous_1)
FN:42,(anonymous_2)
FN:53,(anonymous_3)
FN:63,(anonymous_4)
FN:86,(anonymous_5)
FN:97,(anonymous_6)
FN:124,(anonymous_7)
FN:133,(anonymous_8)
FN:142,(anonymous_9)
FN:154,(anonymous_10)
FN:171,(anonymous_11)
FN:176,(anonymous_12)
FNF:12
FNH:9
FNDA:7,(anonymous_1)
FNDA:11,(anonymous_2)
FNDA:10,(anonymous_3)
FNDA:11,(anonymous_4)
FNDA:9,(anonymous_5)
FNDA:9,(anonymous_6)
FNDA:13,(anonymous_7)
FNDA:2,(anonymous_8)
FNDA:1,(anonymous_9)
FNDA:0,(anonymous_10)
FNDA:0,(anonymous_11)
FNDA:0,(anonymous_12)
DA:1,1
DA:2,1
DA:33,1
DA:42,11
DA:46,7
DA:48,7
DA:49,7
DA:50,7
DA:53,7
DA:55,10
DA:58,10
DA:61,10
DA:62,10
DA:63,10
DA:64,11
DA:65,10
DA:66,10
DA:70,10
DA:72,1
DA:73,1
DA:74,1
DA:75,0
DA:77,1
DA:79,1
DA:83,9
DA:86,9
DA:93,8
DA:96,8
DA:97,8
DA:98,9
DA:102,8
DA:103,8
DA:104,9
DA:105,0
DA:107,9
DA:110,8
DA:113,7
DA:125,13
DA:134,2
DA:143,1
DA:145,1
DA:146,1
DA:155,0
DA:157,0
DA:158,0
DA:172,0
DA:175,0
DA:176,0
DA:177,0
DA:178,0
DA:183,0
LF:51
LH:40
BRDA:42,0,0,5
BRDA:64,1,0,10
BRDA:70,2,0,1
BRDA:74,3,0,0
BRDA:104,4,0,0
BRDA:175,5,0,0
BRDA:177,6,0,0
BRF:7
BRH:3
end_of_record
TN:
SF:src/index.ts
FNF:0
FNH:0
DA:1,1
LF:1
LH:1
BRF:0
BRH:0
end_of_record
